{"/Users/ashish.ghumnar/projects/test-for-mp-frontend-ashishghumnar/src/__mockData__/categories.ts": {"path":"/Users/ashish.ghumnar/projects/test-for-mp-frontend-ashishghumnar/src/__mockData__/categories.ts","statementMap":{"0":{"start":{"line":1,"column":0},"end":{"line":24,"column":2}}},"fnMap":{},"branchMap":{},"s":{"0":1},"f":{},"b":{}}
,"/Users/ashish.ghumnar/projects/test-for-mp-frontend-ashishghumnar/src/__mockData__/items.ts": {"path":"/Users/ashish.ghumnar/projects/test-for-mp-frontend-ashishghumnar/src/__mockData__/items.ts","statementMap":{"0":{"start":{"line":1,"column":0},"end":{"line":28,"column":2}}},"fnMap":{},"branchMap":{},"s":{"0":2},"f":{},"b":{}}
,"/Users/ashish.ghumnar/projects/test-for-mp-frontend-ashishghumnar/src/components/Button/index.tsx": {"path":"/Users/ashish.ghumnar/projects/test-for-mp-frontend-ashishghumnar/src/components/Button/index.tsx","statementMap":{"0":{"start":{"line":1,"column":0},"end":{"line":1,"column":53}},"1":{"start":{"line":4,"column":0},"end":{"line":4,"column":42}},"2":{"start":{"line":14,"column":50},"end":{"line":14,"column":55}},"3":{"start":{"line":16,"column":2},"end":{"line":21,"column":4}},"4":{"start":{"line":24,"column":0},"end":{"line":24,"column":22}}},"fnMap":{"0":{"name":"Button","decl":{"start":{"line":13,"column":9},"end":{"line":13,"column":15}},"loc":{"start":{"line":13,"column":28},"end":{"line":22,"column":1}}}},"branchMap":{},"s":{"0":3,"1":3,"2":2,"3":2,"4":3},"f":{"0":2},"b":{}}
,"/Users/ashish.ghumnar/projects/test-for-mp-frontend-ashishghumnar/src/components/CommentCount/index.tsx": {"path":"/Users/ashish.ghumnar/projects/test-for-mp-frontend-ashishghumnar/src/components/CommentCount/index.tsx","statementMap":{"0":{"start":{"line":1,"column":0},"end":{"line":1,"column":26}},"1":{"start":{"line":2,"column":0},"end":{"line":2,"column":73}},"2":{"start":{"line":3,"column":0},"end":{"line":3,"column":72}},"3":{"start":{"line":5,"column":0},"end":{"line":5,"column":49}},"4":{"start":{"line":12,"column":20},"end":{"line":12,"column":25}},"5":{"start":{"line":13,"column":2},"end":{"line":16,"column":9}},"6":{"start":{"line":19,"column":0},"end":{"line":19,"column":28}}},"fnMap":{"0":{"name":"CommentCount","decl":{"start":{"line":11,"column":9},"end":{"line":11,"column":21}},"loc":{"start":{"line":11,"column":34},"end":{"line":17,"column":1}}}},"branchMap":{},"s":{"0":3,"1":3,"2":3,"3":3,"4":2,"5":2,"6":3},"f":{"0":2},"b":{}}
,"/Users/ashish.ghumnar/projects/test-for-mp-frontend-ashishghumnar/src/components/Header/index.tsx": {"path":"/Users/ashish.ghumnar/projects/test-for-mp-frontend-ashishghumnar/src/components/Header/index.tsx","statementMap":{"0":{"start":{"line":1,"column":0},"end":{"line":1,"column":41}},"1":{"start":{"line":3,"column":0},"end":{"line":3,"column":41}},"2":{"start":{"line":11,"column":34},"end":{"line":11,"column":39}},"3":{"start":{"line":13,"column":2},"end":{"line":17,"column":4}},"4":{"start":{"line":20,"column":0},"end":{"line":20,"column":22}}},"fnMap":{"0":{"name":"Header","decl":{"start":{"line":10,"column":9},"end":{"line":10,"column":15}},"loc":{"start":{"line":10,"column":28},"end":{"line":18,"column":1}}}},"branchMap":{},"s":{"0":4,"1":4,"2":9,"3":8,"4":4},"f":{"0":9},"b":{}}
,"/Users/ashish.ghumnar/projects/test-for-mp-frontend-ashishghumnar/src/components/Icons/IconColors.ts": {"path":"/Users/ashish.ghumnar/projects/test-for-mp-frontend-ashishghumnar/src/components/Icons/IconColors.ts","statementMap":{"0":{"start":{"line":1,"column":13},"end":{"line":1,"column":43}},"1":{"start":{"line":2,"column":13},"end":{"line":2,"column":49}}},"fnMap":{},"branchMap":{},"s":{"0":9,"1":9},"f":{},"b":{}}
,"/Users/ashish.ghumnar/projects/test-for-mp-frontend-ashishghumnar/src/components/Input/index.tsx": {"path":"/Users/ashish.ghumnar/projects/test-for-mp-frontend-ashishghumnar/src/components/Input/index.tsx","statementMap":{"0":{"start":{"line":1,"column":0},"end":{"line":1,"column":43}},"1":{"start":{"line":12,"column":60},"end":{"line":12,"column":65}},"2":{"start":{"line":14,"column":2},"end":{"line":25,"column":4}},"3":{"start":{"line":28,"column":0},"end":{"line":28,"column":21}}},"fnMap":{"0":{"name":"Input","decl":{"start":{"line":11,"column":9},"end":{"line":11,"column":14}},"loc":{"start":{"line":11,"column":27},"end":{"line":26,"column":1}}}},"branchMap":{},"s":{"0":4,"1":14,"2":14,"3":4},"f":{"0":14},"b":{}}
,"/Users/ashish.ghumnar/projects/test-for-mp-frontend-ashishghumnar/src/components/Like/index.tsx": {"path":"/Users/ashish.ghumnar/projects/test-for-mp-frontend-ashishghumnar/src/components/Like/index.tsx","statementMap":{"0":{"start":{"line":1,"column":0},"end":{"line":1,"column":26}},"1":{"start":{"line":3,"column":0},"end":{"line":3,"column":54}},"2":{"start":{"line":5,"column":0},"end":{"line":5,"column":40}},"3":{"start":{"line":12,"column":20},"end":{"line":12,"column":25}},"4":{"start":{"line":13,"column":2},"end":{"line":17,"column":13}},"5":{"start":{"line":20,"column":0},"end":{"line":20,"column":20}}},"fnMap":{"0":{"name":"Like","decl":{"start":{"line":11,"column":9},"end":{"line":11,"column":13}},"loc":{"start":{"line":11,"column":25},"end":{"line":18,"column":1}}}},"branchMap":{},"s":{"0":7,"1":7,"2":7,"3":12,"4":11,"5":7},"f":{"0":12},"b":{}}
,"/Users/ashish.ghumnar/projects/test-for-mp-frontend-ashishghumnar/src/components/ProductImage/index.tsx": {"path":"/Users/ashish.ghumnar/projects/test-for-mp-frontend-ashishghumnar/src/components/ProductImage/index.tsx","statementMap":{"0":{"start":{"line":1,"column":0},"end":{"line":1,"column":26}},"1":{"start":{"line":3,"column":0},"end":{"line":3,"column":48}},"2":{"start":{"line":13,"column":47},"end":{"line":13,"column":52}},"3":{"start":{"line":15,"column":2},"end":{"line":23,"column":4}},"4":{"start":{"line":26,"column":0},"end":{"line":26,"column":28}}},"fnMap":{"0":{"name":"ProductImage","decl":{"start":{"line":12,"column":9},"end":{"line":12,"column":21}},"loc":{"start":{"line":12,"column":34},"end":{"line":24,"column":1}}}},"branchMap":{"0":{"loc":{"start":{"line":17,"column":7},"end":{"line":18,"column":null}},"type":"binary-expr","locations":[{"start":{"line":17,"column":7},"end":{"line":17,"column":17}},{"start":{"line":17,"column":21},"end":{"line":18,"column":null}}]},"1":{"loc":{"start":{"line":21,"column":7},"end":{"line":21,"column":62}},"type":"binary-expr","locations":[{"start":{"line":21,"column":7},"end":{"line":21,"column":11}},{"start":{"line":21,"column":15},"end":{"line":21,"column":62}}]}},"s":{"0":6,"1":6,"2":10,"3":10,"4":6},"f":{"0":10},"b":{"0":[10,5],"1":[10,0]}}
,"/Users/ashish.ghumnar/projects/test-for-mp-frontend-ashishghumnar/src/components/Tab/index.tsx": {"path":"/Users/ashish.ghumnar/projects/test-for-mp-frontend-ashishghumnar/src/components/Tab/index.tsx","statementMap":{"0":{"start":{"line":1,"column":0},"end":{"line":1,"column":26}},"1":{"start":{"line":2,"column":0},"end":{"line":2,"column":55}},"2":{"start":{"line":3,"column":0},"end":{"line":3,"column":63}},"3":{"start":{"line":5,"column":0},"end":{"line":5,"column":39}},"4":{"start":{"line":14,"column":47},"end":{"line":14,"column":52}},"5":{"start":{"line":16,"column":2},"end":{"line":25,"column":4}},"6":{"start":{"line":28,"column":0},"end":{"line":28,"column":19}}},"fnMap":{"0":{"name":"Tab","decl":{"start":{"line":13,"column":9},"end":{"line":13,"column":12}},"loc":{"start":{"line":13,"column":25},"end":{"line":26,"column":1}}}},"branchMap":{"0":{"loc":{"start":{"line":20,"column":34},"end":{"line":20,"column":66}},"type":"binary-expr","locations":[{"start":{"line":20,"column":34},"end":{"line":20,"column":44}},{"start":{"line":20,"column":48},"end":{"line":20,"column":66}}]},"1":{"loc":{"start":{"line":23,"column":7},"end":{"line":23,"column":117}},"type":"binary-expr","locations":[{"start":{"line":23,"column":7},"end":{"line":23,"column":17}},{"start":{"line":23,"column":21},"end":{"line":23,"column":117}}]}},"s":{"0":4,"1":4,"2":4,"3":4,"4":24,"5":24,"6":4},"f":{"0":24},"b":{"0":[24,2],"1":[24,2]}}
,"/Users/ashish.ghumnar/projects/test-for-mp-frontend-ashishghumnar/src/components/Tabs/index.tsx": {"path":"/Users/ashish.ghumnar/projects/test-for-mp-frontend-ashishghumnar/src/components/Tabs/index.tsx","statementMap":{"0":{"start":{"line":1,"column":0},"end":{"line":1,"column":41}},"1":{"start":{"line":3,"column":0},"end":{"line":3,"column":40}},"2":{"start":{"line":11,"column":49},"end":{"line":11,"column":54}},"3":{"start":{"line":13,"column":2},"end":{"line":22,"column":4}},"4":{"start":{"line":25,"column":0},"end":{"line":25,"column":20}}},"fnMap":{"0":{"name":"Tabs","decl":{"start":{"line":10,"column":9},"end":{"line":10,"column":13}},"loc":{"start":{"line":10,"column":26},"end":{"line":23,"column":1}}}},"branchMap":{"0":{"loc":{"start":{"line":11,"column":20},"end":{"line":11,"column":44}},"type":"default-arg","locations":[{"start":{"line":11,"column":32},"end":{"line":11,"column":44}}]},"1":{"loc":{"start":{"line":17,"column":8},"end":{"line":17,"column":78}},"type":"cond-expr","locations":[{"start":{"line":17,"column":35},"end":{"line":17,"column":54}},{"start":{"line":17,"column":57},"end":{"line":17,"column":78}}]}},"s":{"0":4,"1":4,"2":6,"3":6,"4":4},"f":{"0":6},"b":{"0":[6],"1":[0,6]}}
,"/Users/ashish.ghumnar/projects/test-for-mp-frontend-ashishghumnar/src/hooks/fetchAPIs/fetcher.ts": {"path":"/Users/ashish.ghumnar/projects/test-for-mp-frontend-ashishghumnar/src/hooks/fetchAPIs/fetcher.ts","statementMap":{"0":{"start":{"line":1,"column":16},"end":{"line":3,"column":1}},"1":{"start":{"line":2,"column":2},"end":{"line":2,"column":46}},"2":{"start":{"line":2,"column":34},"end":{"line":2,"column":44}},"3":{"start":{"line":5,"column":0},"end":{"line":5,"column":23}}},"fnMap":{"0":{"name":"(anonymous_0)","decl":{"start":{"line":1,"column":16},"end":{"line":1,"column":17}},"loc":{"start":{"line":1,"column":32},"end":{"line":3,"column":1}}},"1":{"name":"(anonymous_1)","decl":{"start":{"line":2,"column":25},"end":{"line":2,"column":26}},"loc":{"start":{"line":2,"column":34},"end":{"line":2,"column":44}}}},"branchMap":{},"s":{"0":6,"1":3,"2":0,"3":6},"f":{"0":3,"1":0},"b":{}}
,"/Users/ashish.ghumnar/projects/test-for-mp-frontend-ashishghumnar/src/hooks/fetchAPIs/useCategories.ts": {"path":"/Users/ashish.ghumnar/projects/test-for-mp-frontend-ashishghumnar/src/hooks/fetchAPIs/useCategories.ts","statementMap":{"0":{"start":{"line":1,"column":0},"end":{"line":1,"column":25}},"1":{"start":{"line":4,"column":0},"end":{"line":4,"column":32}},"2":{"start":{"line":6,"column":22},"end":{"line":14,"column":1}},"3":{"start":{"line":7,"column":40},"end":{"line":7,"column":110}},"4":{"start":{"line":10,"column":2},"end":{"line":13,"column":4}},"5":{"start":{"line":16,"column":0},"end":{"line":16,"column":29}}},"fnMap":{"0":{"name":"(anonymous_1)","decl":{"start":{"line":6,"column":22},"end":{"line":6,"column":25}},"loc":{"start":{"line":6,"column":27},"end":{"line":14,"column":1}}}},"branchMap":{"0":{"loc":{"start":{"line":11,"column":10},"end":{"line":11,"column":28}},"type":"cond-expr","locations":[{"start":{"line":11,"column":22},"end":{"line":11,"column":24}},{"start":{"line":11,"column":10},"end":{"line":11,"column":28}}]},"1":{"loc":{"start":{"line":11,"column":10},"end":{"line":11,"column":24}},"type":"binary-expr","locations":[{"start":{"line":11,"column":10},"end":{"line":11,"column":24}},{"start":{"line":11,"column":10},"end":{"line":11,"column":24}}]}},"s":{"0":3,"1":3,"2":3,"3":3,"4":3,"5":3},"f":{"0":3},"b":{"0":[2,1],"1":[3,3]}}
,"/Users/ashish.ghumnar/projects/test-for-mp-frontend-ashishghumnar/src/hooks/fetchAPIs/useProductDetail.ts": {"path":"/Users/ashish.ghumnar/projects/test-for-mp-frontend-ashishghumnar/src/hooks/fetchAPIs/useProductDetail.ts","statementMap":{"0":{"start":{"line":2,"column":0},"end":{"line":2,"column":25}},"1":{"start":{"line":5,"column":0},"end":{"line":5,"column":32}},"2":{"start":{"line":7,"column":25},"end":{"line":14,"column":1}},"3":{"start":{"line":8,"column":35},"end":{"line":8,"column":96}},"4":{"start":{"line":10,"column":2},"end":{"line":13,"column":4}},"5":{"start":{"line":17,"column":0},"end":{"line":17,"column":32}}},"fnMap":{"0":{"name":"(anonymous_1)","decl":{"start":{"line":7,"column":25},"end":{"line":7,"column":26}},"loc":{"start":{"line":7,"column":40},"end":{"line":14,"column":1}}}},"branchMap":{},"s":{"0":1,"1":1,"2":1,"3":2,"4":2,"5":1},"f":{"0":2},"b":{}}
,"/Users/ashish.ghumnar/projects/test-for-mp-frontend-ashishghumnar/src/hooks/fetchAPIs/useProductList.ts": {"path":"/Users/ashish.ghumnar/projects/test-for-mp-frontend-ashishghumnar/src/hooks/fetchAPIs/useProductList.ts","statementMap":{"0":{"start":{"line":1,"column":0},"end":{"line":1,"column":25}},"1":{"start":{"line":3,"column":0},"end":{"line":3,"column":32}},"2":{"start":{"line":5,"column":0},"end":{"line":5,"column":66}},"3":{"start":{"line":14,"column":23},"end":{"line":27,"column":1}},"4":{"start":{"line":15,"column":19},"end":{"line":15,"column":63}},"5":{"start":{"line":18,"column":39},"end":{"line":20,"column":null}},"6":{"start":{"line":23,"column":2},"end":{"line":26,"column":4}},"7":{"start":{"line":29,"column":0},"end":{"line":29,"column":30}}},"fnMap":{"0":{"name":"(anonymous_1)","decl":{"start":{"line":14,"column":23},"end":{"line":14,"column":24}},"loc":{"start":{"line":14,"column":51},"end":{"line":27,"column":1}}}},"branchMap":{"0":{"loc":{"start":{"line":24,"column":10},"end":{"line":24,"column":27}},"type":"cond-expr","locations":[{"start":{"line":24,"column":21},"end":{"line":24,"column":23}},{"start":{"line":24,"column":10},"end":{"line":24,"column":27}}]},"1":{"loc":{"start":{"line":24,"column":10},"end":{"line":24,"column":23}},"type":"binary-expr","locations":[{"start":{"line":24,"column":10},"end":{"line":24,"column":23}},{"start":{"line":24,"column":10},"end":{"line":24,"column":23}}]}},"s":{"0":3,"1":3,"2":3,"3":3,"4":3,"5":3,"6":3,"7":3},"f":{"0":3},"b":{"0":[2,1],"1":[3,3]}}
,"/Users/ashish.ghumnar/projects/test-for-mp-frontend-ashishghumnar/src/hooks/utils/useDebounce.ts": {"path":"/Users/ashish.ghumnar/projects/test-for-mp-frontend-ashishghumnar/src/hooks/utils/useDebounce.ts","statementMap":{"0":{"start":{"line":5,"column":4},"end":{"line":7,"column":null}},"1":{"start":{"line":6,"column":6},"end":{"line":6,"column":27}},"2":{"start":{"line":8,"column":4},"end":{"line":11,"column":17}},"3":{"start":{"line":9,"column":6},"end":{"line":9,"column":25}},"4":{"start":{"line":10,"column":6},"end":{"line":10,"column":27}},"5":{"start":{"line":14,"column":2},"end":{"line":14,"column":18}},"6":{"start":{"line":17,"column":0},"end":{"line":17,"column":27}}},"fnMap":{"0":{"name":"useDebounce","decl":{"start":{"line":1,"column":9},"end":{"line":1,"column":20}},"loc":{"start":{"line":1,"column":72},"end":{"line":15,"column":1}}},"1":{"name":"onChange","decl":{"start":{"line":4,"column":11},"end":{"line":4,"column":19}},"loc":{"start":{"line":4,"column":41},"end":{"line":12,"column":3}}},"2":{"name":"(anonymous_2)","decl":{"start":{"line":8,"column":23},"end":{"line":8,"column":26}},"loc":{"start":{"line":8,"column":28},"end":{"line":11,"column":5}}}},"branchMap":{"0":{"loc":{"start":{"line":5,"column":4},"end":{"line":7,"column":null}},"type":"if","locations":[{"start":{"line":5,"column":4},"end":{"line":7,"column":null}}]}},"s":{"0":5,"1":4,"2":5,"3":1,"4":1,"5":7,"6":2},"f":{"0":7,"1":5,"2":1},"b":{"0":[4]}}
,"/Users/ashish.ghumnar/projects/test-for-mp-frontend-ashishghumnar/src/pages/ProductDetail/index.tsx": {"path":"/Users/ashish.ghumnar/projects/test-for-mp-frontend-ashishghumnar/src/pages/ProductDetail/index.tsx","statementMap":{"0":{"start":{"line":1,"column":0},"end":{"line":1,"column":26}},"1":{"start":{"line":2,"column":0},"end":{"line":2,"column":45}},"2":{"start":{"line":7,"column":0},"end":{"line":7,"column":70}},"3":{"start":{"line":12,"column":0},"end":{"line":12,"column":45}},"4":{"start":{"line":13,"column":0},"end":{"line":13,"column":65}},"5":{"start":{"line":18,"column":0},"end":{"line":18,"column":67}},"6":{"start":{"line":19,"column":0},"end":{"line":19,"column":65}},"7":{"start":{"line":20,"column":0},"end":{"line":20,"column":57}},"8":{"start":{"line":21,"column":0},"end":{"line":21,"column":63}},"9":{"start":{"line":23,"column":0},"end":{"line":23,"column":49}},"10":{"start":{"line":26,"column":17},"end":{"line":26,"column":28}},"11":{"start":{"line":27,"column":35},"end":{"line":27,"column":60}},"12":{"start":{"line":29,"column":2},"end":{"line":31,"column":null}},"13":{"start":{"line":30,"column":4},"end":{"line":30,"column":39}},"14":{"start":{"line":32,"column":2},"end":{"line":34,"column":null}},"15":{"start":{"line":33,"column":4},"end":{"line":33,"column":48}},"16":{"start":{"line":36,"column":2},"end":{"line":48,"column":4}},"17":{"start":{"line":51,"column":0},"end":{"line":51,"column":29}}},"fnMap":{"0":{"name":"ProductDetail","decl":{"start":{"line":25,"column":9},"end":{"line":25,"column":22}},"loc":{"start":{"line":25,"column":22},"end":{"line":49,"column":1}}}},"branchMap":{"0":{"loc":{"start":{"line":29,"column":2},"end":{"line":31,"column":null}},"type":"if","locations":[{"start":{"line":29,"column":2},"end":{"line":31,"column":null}}]},"1":{"loc":{"start":{"line":32,"column":2},"end":{"line":34,"column":null}},"type":"if","locations":[{"start":{"line":32,"column":2},"end":{"line":34,"column":null}}]},"2":{"loc":{"start":{"line":42,"column":74},"end":{"line":42,"column":107}},"type":"cond-expr","locations":[{"start":{"line":42,"column":96},"end":{"line":42,"column":102}},{"start":{"line":42,"column":105},"end":{"line":42,"column":107}}]}},"s":{"0":1,"1":1,"2":1,"3":1,"4":1,"5":1,"6":1,"7":1,"8":1,"9":1,"10":2,"11":2,"12":2,"13":1,"14":1,"15":1,"16":0,"17":1},"f":{"0":2},"b":{"0":[1],"1":[1],"2":[0,0]}}
,"/Users/ashish.ghumnar/projects/test-for-mp-frontend-ashishghumnar/src/pages/ProductDetail/components/ProceedToCheckout/index.tsx": {"path":"/Users/ashish.ghumnar/projects/test-for-mp-frontend-ashishghumnar/src/pages/ProductDetail/components/ProceedToCheckout/index.tsx","statementMap":{"0":{"start":{"line":1,"column":0},"end":{"line":1,"column":43}},"1":{"start":{"line":3,"column":0},"end":{"line":3,"column":53}},"2":{"start":{"line":5,"column":0},"end":{"line":5,"column":54}},"3":{"start":{"line":13,"column":33},"end":{"line":13,"column":38}},"4":{"start":{"line":15,"column":30},"end":{"line":17,"column":8}},"5":{"start":{"line":16,"column":4},"end":{"line":16,"column":33}},"6":{"start":{"line":19,"column":2},"end":{"line":22,"column":9}},"7":{"start":{"line":25,"column":0},"end":{"line":25,"column":33}}},"fnMap":{"0":{"name":"ProceedToCheckout","decl":{"start":{"line":12,"column":9},"end":{"line":12,"column":26}},"loc":{"start":{"line":12,"column":39},"end":{"line":23,"column":1}}},"1":{"name":"(anonymous_8)","decl":{"start":{"line":15,"column":42},"end":{"line":15,"column":45}},"loc":{"start":{"line":15,"column":47},"end":{"line":17,"column":3}}}},"branchMap":{},"s":{"0":2,"1":2,"2":2,"3":1,"4":1,"5":0,"6":1,"7":2},"f":{"0":1,"1":0},"b":{}}
,"/Users/ashish.ghumnar/projects/test-for-mp-frontend-ashishghumnar/src/pages/ProductDetail/components/ProductDescription/index.tsx": {"path":"/Users/ashish.ghumnar/projects/test-for-mp-frontend-ashishghumnar/src/pages/ProductDetail/components/ProductDescription/index.tsx","statementMap":{"0":{"start":{"line":1,"column":0},"end":{"line":1,"column":26}},"1":{"start":{"line":3,"column":0},"end":{"line":3,"column":54}},"2":{"start":{"line":10,"column":25},"end":{"line":10,"column":30}},"3":{"start":{"line":12,"column":2},"end":{"line":17,"column":4}},"4":{"start":{"line":20,"column":0},"end":{"line":20,"column":34}}},"fnMap":{"0":{"name":"ProductDescription","decl":{"start":{"line":9,"column":9},"end":{"line":9,"column":27}},"loc":{"start":{"line":9,"column":40},"end":{"line":18,"column":1}}}},"branchMap":{},"s":{"0":2,"1":2,"2":1,"3":1,"4":2},"f":{"0":1},"b":{}}
,"/Users/ashish.ghumnar/projects/test-for-mp-frontend-ashishghumnar/src/pages/ProductDetail/components/ProductDetailHeader/index.tsx": {"path":"/Users/ashish.ghumnar/projects/test-for-mp-frontend-ashishghumnar/src/pages/ProductDetail/components/ProductDetailHeader/index.tsx","statementMap":{"0":{"start":{"line":1,"column":0},"end":{"line":1,"column":26}},"1":{"start":{"line":2,"column":0},"end":{"line":2,"column":40}},"2":{"start":{"line":4,"column":0},"end":{"line":4,"column":73}},"3":{"start":{"line":5,"column":0},"end":{"line":5,"column":73}},"4":{"start":{"line":6,"column":0},"end":{"line":6,"column":75}},"5":{"start":{"line":7,"column":0},"end":{"line":7,"column":78}},"6":{"start":{"line":9,"column":0},"end":{"line":9,"column":55}},"7":{"start":{"line":16,"column":20},"end":{"line":16,"column":25}},"8":{"start":{"line":18,"column":2},"end":{"line":34,"column":4}},"9":{"start":{"line":37,"column":0},"end":{"line":37,"column":35}}},"fnMap":{"0":{"name":"ProductDetailHeader","decl":{"start":{"line":15,"column":9},"end":{"line":15,"column":28}},"loc":{"start":{"line":15,"column":41},"end":{"line":35,"column":1}}}},"branchMap":{},"s":{"0":2,"1":2,"2":2,"3":2,"4":2,"5":2,"6":2,"7":1,"8":1,"9":2},"f":{"0":1},"b":{}}
,"/Users/ashish.ghumnar/projects/test-for-mp-frontend-ashishghumnar/src/pages/ProductDetail/components/ProductReviews/index.tsx": {"path":"/Users/ashish.ghumnar/projects/test-for-mp-frontend-ashishghumnar/src/pages/ProductDetail/components/ProductReviews/index.tsx","statementMap":{"0":{"start":{"line":1,"column":0},"end":{"line":1,"column":26}},"1":{"start":{"line":3,"column":0},"end":{"line":3,"column":81}},"2":{"start":{"line":5,"column":0},"end":{"line":5,"column":65}},"3":{"start":{"line":6,"column":0},"end":{"line":6,"column":49}},"4":{"start":{"line":8,"column":0},"end":{"line":8,"column":78}},"5":{"start":{"line":10,"column":0},"end":{"line":10,"column":50}},"6":{"start":{"line":18,"column":38},"end":{"line":18,"column":43}},"7":{"start":{"line":20,"column":2},"end":{"line":30,"column":4}},"8":{"start":{"line":33,"column":0},"end":{"line":33,"column":30}}},"fnMap":{"0":{"name":"ProductReviews","decl":{"start":{"line":17,"column":9},"end":{"line":17,"column":23}},"loc":{"start":{"line":17,"column":36},"end":{"line":31,"column":1}}}},"branchMap":{},"s":{"0":2,"1":2,"2":2,"3":2,"4":2,"5":2,"6":1,"7":1,"8":2},"f":{"0":1},"b":{}}
,"/Users/ashish.ghumnar/projects/test-for-mp-frontend-ashishghumnar/src/pages/TopPage/index.tsx": {"path":"/Users/ashish.ghumnar/projects/test-for-mp-frontend-ashishghumnar/src/pages/TopPage/index.tsx","statementMap":{"0":{"start":{"line":1,"column":0},"end":{"line":1,"column":54}},"1":{"start":{"line":2,"column":0},"end":{"line":2,"column":53}},"2":{"start":{"line":7,"column":0},"end":{"line":7,"column":45}},"3":{"start":{"line":12,"column":0},"end":{"line":12,"column":58}},"4":{"start":{"line":13,"column":0},"end":{"line":13,"column":68}},"5":{"start":{"line":18,"column":0},"end":{"line":18,"column":55}},"6":{"start":{"line":19,"column":0},"end":{"line":19,"column":51}},"7":{"start":{"line":20,"column":0},"end":{"line":20,"column":64}},"8":{"start":{"line":25,"column":0},"end":{"line":25,"column":43}},"9":{"start":{"line":28,"column":42},"end":{"line":28,"column":59}},"10":{"start":{"line":29,"column":19},"end":{"line":29,"column":93}},"11":{"start":{"line":31,"column":36},"end":{"line":31,"column":90}},"12":{"start":{"line":32,"column":38},"end":{"line":32,"column":69}},"13":{"start":{"line":35,"column":19},"end":{"line":42,"column":8}},"14":{"start":{"line":36,"column":4},"end":{"line":36,"column":25}},"15":{"start":{"line":38,"column":4},"end":{"line":41,"column":8}},"16":{"start":{"line":44,"column":19},"end":{"line":44,"column":45}},"17":{"start":{"line":46,"column":31},"end":{"line":50,"column":null}},"18":{"start":{"line":48,"column":6},"end":{"line":48,"column":22}},"19":{"start":{"line":53,"column":25},"end":{"line":59,"column":8}},"20":{"start":{"line":54,"column":4},"end":{"line":54,"column":22}},"21":{"start":{"line":55,"column":4},"end":{"line":58,"column":8}},"22":{"start":{"line":61,"column":2},"end":{"line":71,"column":4}},"23":{"start":{"line":74,"column":0},"end":{"line":74,"column":23}}},"fnMap":{"0":{"name":"TopPage","decl":{"start":{"line":27,"column":9},"end":{"line":27,"column":16}},"loc":{"start":{"line":27,"column":16},"end":{"line":72,"column":1}}},"1":{"name":"(anonymous_8)","decl":{"start":{"line":35,"column":31},"end":{"line":35,"column":32}},"loc":{"start":{"line":35,"column":49},"end":{"line":42,"column":3}}},"2":{"name":"(anonymous_9)","decl":{"start":{"line":47,"column":4},"end":{"line":47,"column":5}},"loc":{"start":{"line":47,"column":22},"end":{"line":49,"column":5}}},"3":{"name":"(anonymous_10)","decl":{"start":{"line":53,"column":37},"end":{"line":53,"column":38}},"loc":{"start":{"line":53,"column":52},"end":{"line":59,"column":3}}}},"branchMap":{"0":{"loc":{"start":{"line":29,"column":19},"end":{"line":29,"column":93}},"type":"cond-expr","locations":[{"start":{"line":29,"column":50},"end":{"line":29,"column":86}},{"start":{"line":29,"column":89},"end":{"line":29,"column":93}}]},"1":{"loc":{"start":{"line":31,"column":53},"end":{"line":31,"column":88}},"type":"binary-expr","locations":[{"start":{"line":31,"column":53},"end":{"line":31,"column":82}},{"start":{"line":31,"column":86},"end":{"line":31,"column":88}}]}},"s":{"0":2,"1":2,"2":2,"3":2,"4":2,"5":2,"6":2,"7":2,"8":2,"9":8,"10":7,"11":7,"12":7,"13":7,"14":1,"15":1,"16":7,"17":7,"18":5,"19":7,"20":0,"21":0,"22":7,"23":2},"f":{"0":8,"1":1,"2":5,"3":0},"b":{"0":[4,3],"1":[7,3]}}
,"/Users/ashish.ghumnar/projects/test-for-mp-frontend-ashishghumnar/src/pages/TopPage/components/ProductCategories/index.tsx": {"path":"/Users/ashish.ghumnar/projects/test-for-mp-frontend-ashishghumnar/src/pages/TopPage/components/ProductCategories/index.tsx","statementMap":{"0":{"start":{"line":1,"column":0},"end":{"line":1,"column":26}},"1":{"start":{"line":3,"column":0},"end":{"line":3,"column":70}},"2":{"start":{"line":6,"column":0},"end":{"line":6,"column":47}},"3":{"start":{"line":7,"column":0},"end":{"line":7,"column":45}},"4":{"start":{"line":15,"column":41},"end":{"line":15,"column":46}},"5":{"start":{"line":17,"column":53},"end":{"line":17,"column":68}},"6":{"start":{"line":20,"column":2},"end":{"line":24,"column":null}},"7":{"start":{"line":21,"column":4},"end":{"line":23,"column":6}},"8":{"start":{"line":26,"column":2},"end":{"line":30,"column":null}},"9":{"start":{"line":27,"column":4},"end":{"line":29,"column":6}},"10":{"start":{"line":32,"column":2},"end":{"line":32,"column":26}},"11":{"start":{"line":34,"column":2},"end":{"line":49,"column":4}},"12":{"start":{"line":38,"column":10},"end":{"line":44,"column":null}},"13":{"start":{"line":43,"column":14},"end":{"line":43,"column":50}},"14":{"start":{"line":52,"column":0},"end":{"line":52,"column":33}}},"fnMap":{"0":{"name":"ProductCategories","decl":{"start":{"line":14,"column":9},"end":{"line":14,"column":26}},"loc":{"start":{"line":14,"column":39},"end":{"line":50,"column":1}}},"1":{"name":"(anonymous_2)","decl":{"start":{"line":37,"column":24},"end":{"line":37,"column":25}},"loc":{"start":{"line":38,"column":10},"end":{"line":44,"column":null}}},"2":{"name":"(anonymous_3)","decl":{"start":{"line":42,"column":28},"end":{"line":42,"column":31}},"loc":{"start":{"line":42,"column":33},"end":{"line":44,"column":13}}}},"branchMap":{"0":{"loc":{"start":{"line":20,"column":2},"end":{"line":24,"column":null}},"type":"if","locations":[{"start":{"line":20,"column":2},"end":{"line":24,"column":null}}]},"1":{"loc":{"start":{"line":26,"column":2},"end":{"line":30,"column":null}},"type":"if","locations":[{"start":{"line":26,"column":2},"end":{"line":30,"column":null}}]}},"s":{"0":3,"1":3,"2":3,"3":3,"4":9,"5":9,"6":9,"7":2,"8":7,"9":2,"10":5,"11":5,"12":23,"13":0,"14":3},"f":{"0":9,"1":23,"2":0},"b":{"0":[2],"1":[2]}}
,"/Users/ashish.ghumnar/projects/test-for-mp-frontend-ashishghumnar/src/pages/TopPage/components/ProductList/index.tsx": {"path":"/Users/ashish.ghumnar/projects/test-for-mp-frontend-ashishghumnar/src/pages/TopPage/components/ProductList/index.tsx","statementMap":{"0":{"start":{"line":1,"column":0},"end":{"line":1,"column":26}},"1":{"start":{"line":3,"column":0},"end":{"line":3,"column":72}},"2":{"start":{"line":5,"column":0},"end":{"line":5,"column":49}},"3":{"start":{"line":7,"column":0},"end":{"line":7,"column":47}},"4":{"start":{"line":15,"column":36},"end":{"line":15,"column":41}},"5":{"start":{"line":16,"column":36},"end":{"line":19,"column":4}},"6":{"start":{"line":21,"column":2},"end":{"line":27,"column":null}},"7":{"start":{"line":22,"column":4},"end":{"line":26,"column":6}},"8":{"start":{"line":29,"column":2},"end":{"line":33,"column":null}},"9":{"start":{"line":30,"column":4},"end":{"line":32,"column":6}},"10":{"start":{"line":35,"column":2},"end":{"line":47,"column":4}},"11":{"start":{"line":42,"column":12},"end":{"line":42,"column":63}},"12":{"start":{"line":50,"column":0},"end":{"line":50,"column":27}}},"fnMap":{"0":{"name":"ProductList","decl":{"start":{"line":14,"column":9},"end":{"line":14,"column":20}},"loc":{"start":{"line":14,"column":33},"end":{"line":48,"column":1}}},"1":{"name":"(anonymous_2)","decl":{"start":{"line":41,"column":23},"end":{"line":41,"column":24}},"loc":{"start":{"line":42,"column":12},"end":{"line":42,"column":63}}}},"branchMap":{"0":{"loc":{"start":{"line":17,"column":14},"end":{"line":17,"column":47}},"type":"cond-expr","locations":[{"start":{"line":17,"column":27},"end":{"line":17,"column":42}},{"start":{"line":17,"column":45},"end":{"line":17,"column":47}}]},"1":{"loc":{"start":{"line":18,"column":15},"end":{"line":18,"column":30}},"type":"binary-expr","locations":[{"start":{"line":18,"column":15},"end":{"line":18,"column":24}},{"start":{"line":18,"column":28},"end":{"line":18,"column":30}}]},"2":{"loc":{"start":{"line":21,"column":2},"end":{"line":27,"column":null}},"type":"if","locations":[{"start":{"line":21,"column":2},"end":{"line":27,"column":null}}]},"3":{"loc":{"start":{"line":29,"column":2},"end":{"line":33,"column":null}},"type":"if","locations":[{"start":{"line":29,"column":2},"end":{"line":33,"column":null}}]},"4":{"loc":{"start":{"line":38,"column":9},"end":{"line":43,"column":null}},"type":"cond-expr","locations":[{"start":{"line":39,"column":10},"end":{"line":39,"column":38}},{"start":{"line":41,"column":10},"end":{"line":43,"column":12}}]},"5":{"loc":{"start":{"line":38,"column":9},"end":{"line":38,"column":52}},"type":"binary-expr","locations":[{"start":{"line":38,"column":9},"end":{"line":38,"column":32}},{"start":{"line":38,"column":36},"end":{"line":38,"column":52}}]}},"s":{"0":3,"1":3,"2":3,"3":3,"4":10,"5":9,"6":9,"7":2,"8":7,"9":2,"10":5,"11":8,"12":3},"f":{"0":10,"1":8},"b":{"0":[1,8],"1":[9,5],"2":[2],"3":[2],"4":[0,5],"5":[5,5]}}
,"/Users/ashish.ghumnar/projects/test-for-mp-frontend-ashishghumnar/src/pages/TopPage/components/ProductListItem/index.tsx": {"path":"/Users/ashish.ghumnar/projects/test-for-mp-frontend-ashishghumnar/src/pages/TopPage/components/ProductListItem/index.tsx","statementMap":{"0":{"start":{"line":1,"column":0},"end":{"line":1,"column":26}},"1":{"start":{"line":3,"column":0},"end":{"line":3,"column":40}},"2":{"start":{"line":5,"column":0},"end":{"line":5,"column":65}},"3":{"start":{"line":6,"column":0},"end":{"line":6,"column":49}},"4":{"start":{"line":8,"column":0},"end":{"line":8,"column":50}},"5":{"start":{"line":15,"column":19},"end":{"line":15,"column":24}},"6":{"start":{"line":18,"column":2},"end":{"line":31,"column":4}},"7":{"start":{"line":34,"column":0},"end":{"line":34,"column":31}}},"fnMap":{"0":{"name":"ProductListItem","decl":{"start":{"line":14,"column":9},"end":{"line":14,"column":24}},"loc":{"start":{"line":14,"column":37},"end":{"line":32,"column":1}}}},"branchMap":{"0":{"loc":{"start":{"line":21,"column":52},"end":{"line":21,"column":82}},"type":"cond-expr","locations":[{"start":{"line":21,"column":71},"end":{"line":21,"column":77}},{"start":{"line":21,"column":80},"end":{"line":21,"column":82}}]}},"s":{"0":4,"1":4,"2":4,"3":4,"4":4,"5":10,"6":9,"7":4},"f":{"0":10},"b":{"0":[5,4]}}
,"/Users/ashish.ghumnar/projects/test-for-mp-frontend-ashishghumnar/src/pages/TopPage/components/TopPageHeader/index.tsx": {"path":"/Users/ashish.ghumnar/projects/test-for-mp-frontend-ashishghumnar/src/pages/TopPage/components/TopPageHeader/index.tsx","statementMap":{"0":{"start":{"line":1,"column":0},"end":{"line":1,"column":54}},"1":{"start":{"line":2,"column":0},"end":{"line":2,"column":52}},"2":{"start":{"line":4,"column":0},"end":{"line":4,"column":65}},"3":{"start":{"line":5,"column":0},"end":{"line":5,"column":81}},"4":{"start":{"line":6,"column":0},"end":{"line":6,"column":65}},"5":{"start":{"line":7,"column":0},"end":{"line":7,"column":78}},"6":{"start":{"line":9,"column":0},"end":{"line":9,"column":49}},"7":{"start":{"line":17,"column":46},"end":{"line":17,"column":51}},"8":{"start":{"line":18,"column":29},"end":{"line":18,"column":48}},"9":{"start":{"line":20,"column":25},"end":{"line":23,"column":3}},"10":{"start":{"line":21,"column":4},"end":{"line":21,"column":33}},"11":{"start":{"line":22,"column":4},"end":{"line":22,"column":45}},"12":{"start":{"line":25,"column":2},"end":{"line":42,"column":4}},"13":{"start":{"line":45,"column":0},"end":{"line":45,"column":29}}},"fnMap":{"0":{"name":"TopPageHeader","decl":{"start":{"line":16,"column":9},"end":{"line":16,"column":22}},"loc":{"start":{"line":16,"column":35},"end":{"line":43,"column":1}}},"1":{"name":"(anonymous_8)","decl":{"start":{"line":20,"column":25},"end":{"line":20,"column":26}},"loc":{"start":{"line":20,"column":66},"end":{"line":23,"column":3}}}},"branchMap":{},"s":{"0":3,"1":3,"2":3,"3":3,"4":3,"5":3,"6":3,"7":14,"8":13,"9":13,"10":5,"11":5,"12":13,"13":3},"f":{"0":14,"1":5},"b":{}}
,"/Users/ashish.ghumnar/projects/test-for-mp-frontend-ashishghumnar/src/utils/objectToQueryString.ts": {"path":"/Users/ashish.ghumnar/projects/test-for-mp-frontend-ashishghumnar/src/utils/objectToQueryString.ts","statementMap":{"0":{"start":{"line":1,"column":35},"end":{"line":9,"column":1}},"1":{"start":{"line":2,"column":17},"end":{"line":2,"column":19}},"2":{"start":{"line":4,"column":2},"end":{"line":6,"column":null}},"3":{"start":{"line":5,"column":4},"end":{"line":5,"column":78}},"4":{"start":{"line":8,"column":2},"end":{"line":8,"column":18}},"5":{"start":{"line":1,"column":13},"end":{"line":1,"column":35}},"6":{"start":{"line":12,"column":0},"end":{"line":12,"column":35}}},"fnMap":{"0":{"name":"(anonymous_0)","decl":{"start":{"line":1,"column":35},"end":{"line":1,"column":39}},"loc":{"start":{"line":1,"column":57},"end":{"line":9,"column":1}}}},"branchMap":{"0":{"loc":{"start":{"line":5,"column":15},"end":{"line":5,"column":77}},"type":"cond-expr","locations":[{"start":{"line":5,"column":27},"end":{"line":5,"column":45}},{"start":{"line":5,"column":48},"end":{"line":5,"column":77}}]}},"s":{"0":4,"1":4,"2":4,"3":8,"4":4,"5":4,"6":4},"f":{"0":4},"b":{"0":[4,4]}}
}
