TN:
SF:src/__mockData__/categories.ts
FNF:0
FNH:0
DA:1,1
LF:1
LH:1
BRF:0
BRH:0
end_of_record
TN:
SF:src/__mockData__/items.ts
FNF:0
FNH:0
DA:1,2
LF:1
LH:1
BRF:0
BRH:0
end_of_record
TN:
SF:src/components/Button/index.tsx
FN:13,Button
FNF:1
FNH:1
FNDA:2,Button
DA:1,3
DA:4,3
DA:14,2
DA:16,2
DA:24,3
LF:5
LH:5
BRF:0
BRH:0
end_of_record
TN:
SF:src/components/CommentCount/index.tsx
FN:11,CommentCount
FNF:1
FNH:1
FNDA:2,CommentCount
DA:1,3
DA:2,3
DA:3,3
DA:5,3
DA:12,2
DA:13,2
DA:19,3
LF:7
LH:7
BRF:0
BRH:0
end_of_record
TN:
SF:src/components/Header/index.tsx
FN:10,Header
FNF:1
FNH:1
FNDA:9,Header
DA:1,4
DA:3,4
DA:11,9
DA:13,8
DA:20,4
LF:5
LH:5
BRF:0
BRH:0
end_of_record
TN:
SF:src/components/Icons/IconColors.ts
FNF:0
FNH:0
DA:1,9
DA:2,9
LF:2
LH:2
BRF:0
BRH:0
end_of_record
TN:
SF:src/components/Input/index.tsx
FN:11,Input
FNF:1
FNH:1
FNDA:14,Input
DA:1,4
DA:12,14
DA:14,14
DA:28,4
LF:4
LH:4
BRF:0
BRH:0
end_of_record
TN:
SF:src/components/Like/index.tsx
FN:11,Like
FNF:1
FNH:1
FNDA:12,Like
DA:1,7
DA:3,7
DA:5,7
DA:12,12
DA:13,11
DA:20,7
LF:6
LH:6
BRF:0
BRH:0
end_of_record
TN:
SF:src/components/ProductImage/index.tsx
FN:12,ProductImage
FNF:1
FNH:1
FNDA:10,ProductImage
DA:1,6
DA:3,6
DA:13,10
DA:15,10
DA:26,6
LF:5
LH:5
BRDA:17,0,0,10
BRDA:17,0,1,5
BRDA:21,1,0,10
BRDA:21,1,1,0
BRF:4
BRH:3
end_of_record
TN:
SF:src/components/Tab/index.tsx
FN:13,Tab
FNF:1
FNH:1
FNDA:24,Tab
DA:1,4
DA:2,4
DA:3,4
DA:5,4
DA:14,24
DA:16,24
DA:28,4
LF:7
LH:7
BRDA:20,0,0,24
BRDA:20,0,1,2
BRDA:23,1,0,24
BRDA:23,1,1,2
BRF:4
BRH:4
end_of_record
TN:
SF:src/components/Tabs/index.tsx
FN:10,Tabs
FNF:1
FNH:1
FNDA:6,Tabs
DA:1,4
DA:3,4
DA:11,6
DA:13,6
DA:25,4
LF:5
LH:5
BRDA:11,0,0,6
BRDA:17,1,0,0
BRDA:17,1,1,6
BRF:3
BRH:2
end_of_record
TN:
SF:src/hooks/fetchAPIs/fetcher.ts
FN:1,(anonymous_0)
FN:2,(anonymous_1)
FNF:2
FNH:1
FNDA:3,(anonymous_0)
FNDA:0,(anonymous_1)
DA:1,6
DA:2,3
DA:5,6
LF:3
LH:3
BRF:0
BRH:0
end_of_record
TN:
SF:src/hooks/fetchAPIs/useCategories.ts
FN:6,(anonymous_1)
FNF:1
FNH:1
FNDA:3,(anonymous_1)
DA:1,3
DA:4,3
DA:6,3
DA:7,3
DA:10,3
DA:16,3
LF:6
LH:6
BRDA:11,0,0,2
BRDA:11,0,1,1
BRDA:11,1,0,3
BRDA:11,1,1,3
BRF:4
BRH:4
end_of_record
TN:
SF:src/hooks/fetchAPIs/useProductDetail.ts
FN:7,(anonymous_1)
FNF:1
FNH:1
FNDA:2,(anonymous_1)
DA:2,1
DA:5,1
DA:7,1
DA:8,2
DA:10,2
DA:17,1
LF:6
LH:6
BRF:0
BRH:0
end_of_record
TN:
SF:src/hooks/fetchAPIs/useProductList.ts
FN:14,(anonymous_1)
FNF:1
FNH:1
FNDA:3,(anonymous_1)
DA:1,3
DA:3,3
DA:5,3
DA:14,3
DA:15,3
DA:18,3
DA:23,3
DA:29,3
LF:8
LH:8
BRDA:24,0,0,2
BRDA:24,0,1,1
BRDA:24,1,0,3
BRDA:24,1,1,3
BRF:4
BRH:4
end_of_record
TN:
SF:src/hooks/utils/useDebounce.ts
FN:1,useDebounce
FN:4,onChange
FN:8,(anonymous_2)
FNF:3
FNH:3
FNDA:7,useDebounce
FNDA:5,onChange
FNDA:1,(anonymous_2)
DA:5,5
DA:6,4
DA:8,5
DA:9,1
DA:10,1
DA:14,7
DA:17,2
LF:7
LH:7
BRDA:5,0,0,4
BRF:1
BRH:1
end_of_record
TN:
SF:src/pages/ProductDetail/index.tsx
FN:25,ProductDetail
FNF:1
FNH:1
FNDA:2,ProductDetail
DA:1,1
DA:2,1
DA:7,1
DA:12,1
DA:13,1
DA:18,1
DA:19,1
DA:20,1
DA:21,1
DA:23,1
DA:26,2
DA:27,2
DA:29,2
DA:30,1
DA:32,1
DA:33,1
DA:36,0
DA:51,1
LF:18
LH:17
BRDA:29,0,0,1
BRDA:32,1,0,1
BRDA:42,2,0,0
BRDA:42,2,1,0
BRF:4
BRH:2
end_of_record
TN:
SF:src/pages/ProductDetail/components/ProceedToCheckout/index.tsx
FN:12,ProceedToCheckout
FN:15,(anonymous_8)
FNF:2
FNH:1
FNDA:1,ProceedToCheckout
FNDA:0,(anonymous_8)
DA:1,2
DA:3,2
DA:5,2
DA:13,1
DA:15,1
DA:16,0
DA:19,1
DA:25,2
LF:8
LH:7
BRF:0
BRH:0
end_of_record
TN:
SF:src/pages/ProductDetail/components/ProductDescription/index.tsx
FN:9,ProductDescription
FNF:1
FNH:1
FNDA:1,ProductDescription
DA:1,2
DA:3,2
DA:10,1
DA:12,1
DA:20,2
LF:5
LH:5
BRF:0
BRH:0
end_of_record
TN:
SF:src/pages/ProductDetail/components/ProductDetailHeader/index.tsx
FN:15,ProductDetailHeader
FNF:1
FNH:1
FNDA:1,ProductDetailHeader
DA:1,2
DA:2,2
DA:4,2
DA:5,2
DA:6,2
DA:7,2
DA:9,2
DA:16,1
DA:18,1
DA:37,2
LF:10
LH:10
BRF:0
BRH:0
end_of_record
TN:
SF:src/pages/ProductDetail/components/ProductReviews/index.tsx
FN:17,ProductReviews
FNF:1
FNH:1
FNDA:1,ProductReviews
DA:1,2
DA:3,2
DA:5,2
DA:6,2
DA:8,2
DA:10,2
DA:18,1
DA:20,1
DA:33,2
LF:9
LH:9
BRF:0
BRH:0
end_of_record
TN:
SF:src/pages/TopPage/index.tsx
FN:27,TopPage
FN:35,(anonymous_8)
FN:47,(anonymous_9)
FN:53,(anonymous_10)
FNF:4
FNH:3
FNDA:8,TopPage
FNDA:1,(anonymous_8)
FNDA:5,(anonymous_9)
FNDA:0,(anonymous_10)
DA:1,2
DA:2,2
DA:7,2
DA:12,2
DA:13,2
DA:18,2
DA:19,2
DA:20,2
DA:25,2
DA:28,8
DA:29,7
DA:31,7
DA:32,7
DA:35,7
DA:36,1
DA:38,1
DA:44,7
DA:46,7
DA:48,5
DA:53,7
DA:54,0
DA:55,0
DA:61,7
DA:74,2
LF:24
LH:22
BRDA:29,0,0,4
BRDA:29,0,1,3
BRDA:31,1,0,7
BRDA:31,1,1,3
BRF:4
BRH:4
end_of_record
TN:
SF:src/pages/TopPage/components/ProductCategories/index.tsx
FN:14,ProductCategories
FN:37,(anonymous_2)
FN:42,(anonymous_3)
FNF:3
FNH:2
FNDA:9,ProductCategories
FNDA:23,(anonymous_2)
FNDA:0,(anonymous_3)
DA:1,3
DA:3,3
DA:6,3
DA:7,3
DA:15,9
DA:17,9
DA:20,9
DA:21,2
DA:26,7
DA:27,2
DA:32,5
DA:34,5
DA:38,23
DA:43,0
DA:52,3
LF:15
LH:14
BRDA:20,0,0,2
BRDA:26,1,0,2
BRF:2
BRH:2
end_of_record
TN:
SF:src/pages/TopPage/components/ProductList/index.tsx
FN:14,ProductList
FN:41,(anonymous_2)
FNF:2
FNH:2
FNDA:10,ProductList
FNDA:8,(anonymous_2)
DA:1,3
DA:3,3
DA:5,3
DA:7,3
DA:15,10
DA:16,9
DA:21,9
DA:22,2
DA:29,7
DA:30,2
DA:35,5
DA:42,8
DA:50,3
LF:13
LH:13
BRDA:17,0,0,1
BRDA:17,0,1,8
BRDA:18,1,0,9
BRDA:18,1,1,5
BRDA:21,2,0,2
BRDA:29,3,0,2
BRDA:38,4,0,0
BRDA:38,4,1,5
BRDA:38,5,0,5
BRDA:38,5,1,5
BRF:10
BRH:9
end_of_record
TN:
SF:src/pages/TopPage/components/ProductListItem/index.tsx
FN:14,ProductListItem
FNF:1
FNH:1
FNDA:10,ProductListItem
DA:1,4
DA:3,4
DA:5,4
DA:6,4
DA:8,4
DA:15,10
DA:18,9
DA:34,4
LF:8
LH:8
BRDA:21,0,0,5
BRDA:21,0,1,4
BRF:2
BRH:2
end_of_record
TN:
SF:src/pages/TopPage/components/TopPageHeader/index.tsx
FN:16,TopPageHeader
FN:20,(anonymous_8)
FNF:2
FNH:2
FNDA:14,TopPageHeader
FNDA:5,(anonymous_8)
DA:1,3
DA:2,3
DA:4,3
DA:5,3
DA:6,3
DA:7,3
DA:9,3
DA:17,14
DA:18,13
DA:20,13
DA:21,5
DA:22,5
DA:25,13
DA:45,3
LF:14
LH:14
BRF:0
BRH:0
end_of_record
TN:
SF:src/utils/objectToQueryString.ts
FN:1,(anonymous_0)
FNF:1
FNH:1
FNDA:4,(anonymous_0)
DA:1,4
DA:2,4
DA:4,4
DA:5,8
DA:8,4
DA:12,4
LF:6
LH:6
BRDA:5,0,0,4
BRDA:5,0,1,4
BRF:2
BRH:2
end_of_record
